<?xml version="1.0" encoding="UTF-8"?>
<testsuite xmlns:xsi="http://www.w3.org/2001/XMLSchema-instance" xsi:noNamespaceSchemaLocation="https://maven.apache.org/surefire/maven-surefire-plugin/xsd/surefire-test-report-3.0.xsd" version="3.0" name="unit.logarithm.LnTest" time="0.043" tests="21" errors="0" skipped="0" failures="0">
  <properties>
    <property name="java.specification.version" value="17"/>
    <property name="sun.jnu.encoding" value="UTF-8"/>
    <property name="java.class.path" value="/Users/jaba/Documents/life/ITMO/tpo/slab/slab/target/test-classes:/Users/jaba/Documents/life/ITMO/tpo/slab/slab/target/classes:/Users/jaba/.m2/repository/org/junit/jupiter/junit-jupiter-api/5.11.0/junit-jupiter-api-5.11.0.jar:/Users/jaba/.m2/repository/org/opentest4j/opentest4j/1.3.0/opentest4j-1.3.0.jar:/Users/jaba/.m2/repository/org/junit/platform/junit-platform-commons/1.11.0/junit-platform-commons-1.11.0.jar:/Users/jaba/.m2/repository/org/apiguardian/apiguardian-api/1.1.2/apiguardian-api-1.1.2.jar:/Users/jaba/.m2/repository/org/junit/jupiter/junit-jupiter-engine/5.11.0/junit-jupiter-engine-5.11.0.jar:/Users/jaba/.m2/repository/org/junit/platform/junit-platform-engine/1.11.0/junit-platform-engine-1.11.0.jar:/Users/jaba/.m2/repository/org/mockito/mockito-core/4.0.0/mockito-core-4.0.0.jar:/Users/jaba/.m2/repository/net/bytebuddy/byte-buddy/1.11.19/byte-buddy-1.11.19.jar:/Users/jaba/.m2/repository/net/bytebuddy/byte-buddy-agent/1.11.19/byte-buddy-agent-1.11.19.jar:/Users/jaba/.m2/repository/org/objenesis/objenesis/3.2/objenesis-3.2.jar:/Users/jaba/.m2/repository/org/junit/jupiter/junit-jupiter-params/5.11.0/junit-jupiter-params-5.11.0.jar:"/>
    <property name="java.vm.vendor" value="Amazon.com Inc."/>
    <property name="sun.arch.data.model" value="64"/>
    <property name="java.vendor.url" value="https://aws.amazon.com/corretto/"/>
    <property name="os.name" value="Mac OS X"/>
    <property name="java.vm.specification.version" value="17"/>
    <property name="sun.java.launcher" value="SUN_STANDARD"/>
    <property name="user.country" value="RU"/>
    <property name="sun.boot.library.path" value="/Users/jaba/Library/Java/JavaVirtualMachines/corretto-17.0.13/Contents/Home/lib"/>
    <property name="sun.java.command" value="/Users/jaba/Documents/life/ITMO/tpo/slab/slab/target/surefire/surefirebooter-20250313212114137_3.jar /Users/jaba/Documents/life/ITMO/tpo/slab/slab/target/surefire 2025-03-13T21-21-14_091-jvmRun1 surefire-20250313212114137_1tmp surefire_0-20250313212114137_2tmp"/>
    <property name="http.nonProxyHosts" value="local|*.local|169.254/16|*.169.254/16"/>
    <property name="jdk.debug" value="release"/>
    <property name="surefire.test.class.path" value="/Users/jaba/Documents/life/ITMO/tpo/slab/slab/target/test-classes:/Users/jaba/Documents/life/ITMO/tpo/slab/slab/target/classes:/Users/jaba/.m2/repository/org/junit/jupiter/junit-jupiter-api/5.11.0/junit-jupiter-api-5.11.0.jar:/Users/jaba/.m2/repository/org/opentest4j/opentest4j/1.3.0/opentest4j-1.3.0.jar:/Users/jaba/.m2/repository/org/junit/platform/junit-platform-commons/1.11.0/junit-platform-commons-1.11.0.jar:/Users/jaba/.m2/repository/org/apiguardian/apiguardian-api/1.1.2/apiguardian-api-1.1.2.jar:/Users/jaba/.m2/repository/org/junit/jupiter/junit-jupiter-engine/5.11.0/junit-jupiter-engine-5.11.0.jar:/Users/jaba/.m2/repository/org/junit/platform/junit-platform-engine/1.11.0/junit-platform-engine-1.11.0.jar:/Users/jaba/.m2/repository/org/mockito/mockito-core/4.0.0/mockito-core-4.0.0.jar:/Users/jaba/.m2/repository/net/bytebuddy/byte-buddy/1.11.19/byte-buddy-1.11.19.jar:/Users/jaba/.m2/repository/net/bytebuddy/byte-buddy-agent/1.11.19/byte-buddy-agent-1.11.19.jar:/Users/jaba/.m2/repository/org/objenesis/objenesis/3.2/objenesis-3.2.jar:/Users/jaba/.m2/repository/org/junit/jupiter/junit-jupiter-params/5.11.0/junit-jupiter-params-5.11.0.jar:"/>
    <property name="sun.cpu.endian" value="little"/>
    <property name="user.home" value="/Users/jaba"/>
    <property name="user.language" value="ru"/>
    <property name="java.specification.vendor" value="Oracle Corporation"/>
    <property name="java.version.date" value="2024-10-15"/>
    <property name="java.home" value="/Users/jaba/Library/Java/JavaVirtualMachines/corretto-17.0.13/Contents/Home"/>
    <property name="file.separator" value="/"/>
    <property name="basedir" value="/Users/jaba/Documents/life/ITMO/tpo/slab/slab"/>
    <property name="java.vm.compressedOopsMode" value="Zero based"/>
    <property name="line.separator" value="&#10;"/>
    <property name="java.specification.name" value="Java Platform API Specification"/>
    <property name="java.vm.specification.vendor" value="Oracle Corporation"/>
    <property name="surefire.real.class.path" value="/Users/jaba/Documents/life/ITMO/tpo/slab/slab/target/surefire/surefirebooter-20250313212114137_3.jar"/>
    <property name="sun.management.compiler" value="HotSpot 64-Bit Tiered Compilers"/>
    <property name="ftp.nonProxyHosts" value="local|*.local|169.254/16|*.169.254/16"/>
    <property name="java.runtime.version" value="17.0.13+11-LTS"/>
    <property name="user.name" value="jaba"/>
    <property name="path.separator" value=":"/>
    <property name="os.version" value="15.2"/>
    <property name="java.runtime.name" value="OpenJDK Runtime Environment"/>
    <property name="file.encoding" value="UTF-8"/>
    <property name="java.vm.name" value="OpenJDK 64-Bit Server VM"/>
    <property name="java.vendor.version" value="Corretto-17.0.13.11.1"/>
    <property name="localRepository" value="/Users/jaba/.m2/repository"/>
    <property name="java.vendor.url.bug" value="https://github.com/corretto/corretto-17/issues/"/>
    <property name="java.io.tmpdir" value="/var/folders/xv/slvr_rgd0t99dlbj0bdgpmq00000gn/T/"/>
    <property name="java.version" value="17.0.13"/>
    <property name="user.dir" value="/Users/jaba/Documents/life/ITMO/tpo/slab/slab"/>
    <property name="os.arch" value="aarch64"/>
    <property name="java.vm.specification.name" value="Java Virtual Machine Specification"/>
    <property name="native.encoding" value="UTF-8"/>
    <property name="java.library.path" value="/Users/jaba/Library/Java/Extensions:/Library/Java/Extensions:/Network/Library/Java/Extensions:/System/Library/Java/Extensions:/usr/lib/java:."/>
    <property name="java.vm.info" value="mixed mode, sharing"/>
    <property name="java.vendor" value="Amazon.com Inc."/>
    <property name="java.vm.version" value="17.0.13+11-LTS"/>
    <property name="java.specification.maintenance.version" value="1"/>
    <property name="sun.io.unicode.encoding" value="UnicodeBig"/>
    <property name="socksNonProxyHosts" value="local|*.local|169.254/16|*.169.254/16"/>
    <property name="java.class.version" value="61.0"/>
  </properties>
  <testcase name="testAndSaveLnResults" classname="unit.logarithm.LnTest" time="0.004">
    <system-out><![CDATA[File created: src/test/resources/ln_result.csv
]]></system-out>
  </testcase>
  <testcase name="testInvalidValues(double)[1]" classname="unit.logarithm.LnTest" time="0.002"/>
  <testcase name="testInvalidValues(double)[2]" classname="unit.logarithm.LnTest" time="0.0"/>
  <testcase name="testInvalidValues(double)[3]" classname="unit.logarithm.LnTest" time="0.0"/>
  <testcase name="testInvalidValues(double)[4]" classname="unit.logarithm.LnTest" time="0.0"/>
  <testcase name="testInvalidValues(double)[5]" classname="unit.logarithm.LnTest" time="0.001"/>
  <testcase name="testInvalidValues(double)[6]" classname="unit.logarithm.LnTest" time="0.0"/>
  <testcase name="testInvalidValues(double)[7]" classname="unit.logarithm.LnTest" time="0.0"/>
  <testcase name="testInvalidValues(double)[8]" classname="unit.logarithm.LnTest" time="0.001"/>
  <testcase name="testInvalidValues(double)[9]" classname="unit.logarithm.LnTest" time="0.0"/>
  <testcase name="testNaturalLogarithmOfOne" classname="unit.logarithm.LnTest" time="0.0"/>
  <testcase name="testValidValues(double)[1]" classname="unit.logarithm.LnTest" time="0.0"/>
  <testcase name="testValidValues(double)[2]" classname="unit.logarithm.LnTest" time="0.0"/>
  <testcase name="testValidValues(double)[3]" classname="unit.logarithm.LnTest" time="0.0"/>
  <testcase name="testValidValues(double)[4]" classname="unit.logarithm.LnTest" time="0.0"/>
  <testcase name="testValidValues(double)[5]" classname="unit.logarithm.LnTest" time="0.0"/>
  <testcase name="testValidValues(double)[6]" classname="unit.logarithm.LnTest" time="0.0"/>
  <testcase name="testValidValues(double)[7]" classname="unit.logarithm.LnTest" time="0.001"/>
  <testcase name="testValidValues(double)[8]" classname="unit.logarithm.LnTest" time="0.0"/>
  <testcase name="testValidValues(double)[9]" classname="unit.logarithm.LnTest" time="0.0"/>
  <testcase name="testValidValues(double)[10]" classname="unit.logarithm.LnTest" time="0.001"/>
</testsuite>